26-Mar-2022 21:50:07.337 INFO [main] org.apache.catalina.startup.VersionLoggerListener.log Server version name:   Apache Tomcat/8.5.77
26-Mar-2022 21:50:07.342 INFO [main] org.apache.catalina.startup.VersionLoggerListener.log Server built:          Mar 13 2022 19:13:33 UTC
26-Mar-2022 21:50:07.343 INFO [main] org.apache.catalina.startup.VersionLoggerListener.log Server version number: 8.5.77.0
26-Mar-2022 21:50:07.343 INFO [main] org.apache.catalina.startup.VersionLoggerListener.log OS Name:               Windows 10
26-Mar-2022 21:50:07.344 INFO [main] org.apache.catalina.startup.VersionLoggerListener.log Версия ОС:             10.0
26-Mar-2022 21:50:07.344 INFO [main] org.apache.catalina.startup.VersionLoggerListener.log Архитектура:           amd64
26-Mar-2022 21:50:07.344 INFO [main] org.apache.catalina.startup.VersionLoggerListener.log Java Home:             C:\Tool\java\JDK11\jdk-11.0.13+8
26-Mar-2022 21:50:07.345 INFO [main] org.apache.catalina.startup.VersionLoggerListener.log Версия JVM:            11.0.13+8
26-Mar-2022 21:50:07.345 INFO [main] org.apache.catalina.startup.VersionLoggerListener.log JVM Vendor:            Eclipse Adoptium
26-Mar-2022 21:50:07.345 INFO [main] org.apache.catalina.startup.VersionLoggerListener.log CATALINA_BASE:         C:\Mk-JD2-90-22\ClassWork\apache-tomcat-8.5.77
26-Mar-2022 21:50:07.346 INFO [main] org.apache.catalina.startup.VersionLoggerListener.log CATALINA_HOME:         C:\Mk-JD2-90-22\ClassWork\apache-tomcat-8.5.77
26-Mar-2022 21:50:07.346 INFO [main] org.apache.catalina.startup.VersionLoggerListener.log Command line argument: --add-opens=java.base/java.lang=ALL-UNNAMED
26-Mar-2022 21:50:07.346 INFO [main] org.apache.catalina.startup.VersionLoggerListener.log Command line argument: --add-opens=java.base/java.io=ALL-UNNAMED
26-Mar-2022 21:50:07.347 INFO [main] org.apache.catalina.startup.VersionLoggerListener.log Command line argument: --add-opens=java.base/java.util=ALL-UNNAMED
26-Mar-2022 21:50:07.347 INFO [main] org.apache.catalina.startup.VersionLoggerListener.log Command line argument: --add-opens=java.base/java.util.concurrent=ALL-UNNAMED
26-Mar-2022 21:50:07.348 INFO [main] org.apache.catalina.startup.VersionLoggerListener.log Command line argument: --add-opens=java.rmi/sun.rmi.transport=ALL-UNNAMED
26-Mar-2022 21:50:07.348 INFO [main] org.apache.catalina.startup.VersionLoggerListener.log Command line argument: -Djava.util.logging.config.file=C:\Mk-JD2-90-22\ClassWork\apache-tomcat-8.5.77\conf\logging.properties
26-Mar-2022 21:50:07.349 INFO [main] org.apache.catalina.startup.VersionLoggerListener.log Command line argument: -Djava.util.logging.manager=org.apache.juli.ClassLoaderLogManager
26-Mar-2022 21:50:07.349 INFO [main] org.apache.catalina.startup.VersionLoggerListener.log Command line argument: -Djdk.tls.ephemeralDHKeySize=2048
26-Mar-2022 21:50:07.350 INFO [main] org.apache.catalina.startup.VersionLoggerListener.log Command line argument: -Djava.protocol.handler.pkgs=org.apache.catalina.webresources
26-Mar-2022 21:50:07.350 INFO [main] org.apache.catalina.startup.VersionLoggerListener.log Command line argument: -Dignore.endorsed.dirs=
26-Mar-2022 21:50:07.351 INFO [main] org.apache.catalina.startup.VersionLoggerListener.log Command line argument: -Dcatalina.base=C:\Mk-JD2-90-22\ClassWork\apache-tomcat-8.5.77
26-Mar-2022 21:50:07.351 INFO [main] org.apache.catalina.startup.VersionLoggerListener.log Command line argument: -Dcatalina.home=C:\Mk-JD2-90-22\ClassWork\apache-tomcat-8.5.77
26-Mar-2022 21:50:07.352 INFO [main] org.apache.catalina.startup.VersionLoggerListener.log Command line argument: -Djava.io.tmpdir=C:\Mk-JD2-90-22\ClassWork\apache-tomcat-8.5.77\temp
26-Mar-2022 21:50:07.352 INFO [main] org.apache.catalina.core.AprLifecycleListener.lifecycleEvent Loaded Apache Tomcat Native library [1.2.31] using APR version [1.7.0].
26-Mar-2022 21:50:07.353 INFO [main] org.apache.catalina.core.AprLifecycleListener.lifecycleEvent APR capabilities: IPv6 [true], sendfile [true], accept filters [false], random [true], UDS [{4}].
26-Mar-2022 21:50:07.353 INFO [main] org.apache.catalina.core.AprLifecycleListener.lifecycleEvent APR/OpenSSL configuration: useAprConnector [false], useOpenSSL [true]
26-Mar-2022 21:50:07.361 INFO [main] org.apache.catalina.core.AprLifecycleListener.initializeSSL OpenSSL successfully initialized [OpenSSL 1.1.1l  24 Aug 2021]
26-Mar-2022 21:50:07.414 INFO [main] org.apache.coyote.AbstractProtocol.init Initializing ProtocolHandler ["http-nio-8080"]
26-Mar-2022 21:50:07.449 INFO [main] org.apache.catalina.startup.Catalina.load Initialization processed in 690 ms
26-Mar-2022 21:50:07.524 INFO [main] org.apache.catalina.core.StandardService.startInternal Starting service [Catalina]
26-Mar-2022 21:50:07.524 INFO [main] org.apache.catalina.core.StandardEngine.startInternal Starting Servlet engine: [Apache Tomcat/8.5.77]
26-Mar-2022 21:50:07.540 INFO [localhost-startStop-1] org.apache.catalina.startup.HostConfig.deployDirectory Установка веб приложения в папку [C:\Mk-JD2-90-22\ClassWork\apache-tomcat-8.5.77\webapps\docs]
26-Mar-2022 21:50:08.034 WARNING [localhost-startStop-1] org.apache.catalina.util.SessionIdGeneratorBase.createSecureRandom Creation of SecureRandom instance for session ID generation using [SHA1PRNG] took [145] milliseconds.
26-Mar-2022 21:50:08.059 INFO [localhost-startStop-1] org.apache.catalina.startup.HostConfig.deployDirectory Deployment of web application directory [C:\Mk-JD2-90-22\ClassWork\apache-tomcat-8.5.77\webapps\docs] has finished in [519] ms
26-Mar-2022 21:50:08.060 INFO [localhost-startStop-1] org.apache.catalina.startup.HostConfig.deployDirectory Установка веб приложения в папку [C:\Mk-JD2-90-22\ClassWork\apache-tomcat-8.5.77\webapps\examples]
26-Mar-2022 21:50:08.495 INFO [localhost-startStop-1] org.apache.catalina.startup.HostConfig.deployDirectory Deployment of web application directory [C:\Mk-JD2-90-22\ClassWork\apache-tomcat-8.5.77\webapps\examples] has finished in [435] ms
26-Mar-2022 21:50:08.496 INFO [localhost-startStop-1] org.apache.catalina.startup.HostConfig.deployDirectory Установка веб приложения в папку [C:\Mk-JD2-90-22\ClassWork\apache-tomcat-8.5.77\webapps\host-manager]
26-Mar-2022 21:50:08.542 INFO [localhost-startStop-1] org.apache.catalina.startup.HostConfig.deployDirectory Deployment of web application directory [C:\Mk-JD2-90-22\ClassWork\apache-tomcat-8.5.77\webapps\host-manager] has finished in [45] ms
26-Mar-2022 21:50:08.542 INFO [localhost-startStop-1] org.apache.catalina.startup.HostConfig.deployDirectory Установка веб приложения в папку [C:\Mk-JD2-90-22\ClassWork\apache-tomcat-8.5.77\webapps\manager]
26-Mar-2022 21:50:08.579 INFO [localhost-startStop-1] org.apache.catalina.startup.HostConfig.deployDirectory Deployment of web application directory [C:\Mk-JD2-90-22\ClassWork\apache-tomcat-8.5.77\webapps\manager] has finished in [37] ms
26-Mar-2022 21:50:08.580 INFO [localhost-startStop-1] org.apache.catalina.startup.HostConfig.deployDirectory Установка веб приложения в папку [C:\Mk-JD2-90-22\ClassWork\apache-tomcat-8.5.77\webapps\ROOT]
26-Mar-2022 21:50:08.610 INFO [localhost-startStop-1] org.apache.catalina.startup.HostConfig.deployDirectory Deployment of web application directory [C:\Mk-JD2-90-22\ClassWork\apache-tomcat-8.5.77\webapps\ROOT] has finished in [30] ms
26-Mar-2022 21:50:08.615 INFO [main] org.apache.coyote.AbstractProtocol.start Starting ProtocolHandler ["http-nio-8080"]
26-Mar-2022 21:50:08.780 INFO [main] org.apache.catalina.startup.Catalina.start Server startup in 1330 ms
26-Mar-2022 21:52:56.388 INFO [main] org.apache.catalina.core.StandardServer.await A valid shutdown command was received via the shutdown port. Stopping the Server instance.
26-Mar-2022 21:52:56.389 INFO [main] org.apache.coyote.AbstractProtocol.pause Pausing ProtocolHandler ["http-nio-8080"]
26-Mar-2022 21:52:56.524 INFO [main] org.apache.catalina.core.StandardService.stopInternal Stopping service [Catalina]
26-Mar-2022 21:52:56.562 INFO [main] org.apache.coyote.AbstractProtocol.stop Stopping ProtocolHandler ["http-nio-8080"]
26-Mar-2022 21:52:56.578 INFO [main] org.apache.coyote.AbstractProtocol.destroy Destroying ProtocolHandler ["http-nio-8080"]
26-Mar-2022 21:53:15.273 INFO [main] org.apache.catalina.startup.VersionLoggerListener.log Server version name:   Apache Tomcat/8.5.77
26-Mar-2022 21:53:15.278 INFO [main] org.apache.catalina.startup.VersionLoggerListener.log Server built:          Mar 13 2022 19:13:33 UTC
26-Mar-2022 21:53:15.279 INFO [main] org.apache.catalina.startup.VersionLoggerListener.log Server version number: 8.5.77.0
26-Mar-2022 21:53:15.279 INFO [main] org.apache.catalina.startup.VersionLoggerListener.log OS Name:               Windows 10
26-Mar-2022 21:53:15.280 INFO [main] org.apache.catalina.startup.VersionLoggerListener.log Версия ОС:             10.0
26-Mar-2022 21:53:15.280 INFO [main] org.apache.catalina.startup.VersionLoggerListener.log Архитектура:           amd64
26-Mar-2022 21:53:15.281 INFO [main] org.apache.catalina.startup.VersionLoggerListener.log Java Home:             C:\Tool\java\JDK11\jdk-11.0.13+8
26-Mar-2022 21:53:15.281 INFO [main] org.apache.catalina.startup.VersionLoggerListener.log Версия JVM:            11.0.13+8
26-Mar-2022 21:53:15.282 INFO [main] org.apache.catalina.startup.VersionLoggerListener.log JVM Vendor:            Eclipse Adoptium
26-Mar-2022 21:53:15.282 INFO [main] org.apache.catalina.startup.VersionLoggerListener.log CATALINA_BASE:         C:\Mk-JD2-90-22\ClassWork\apache-tomcat-8.5.77
26-Mar-2022 21:53:15.282 INFO [main] org.apache.catalina.startup.VersionLoggerListener.log CATALINA_HOME:         C:\Mk-JD2-90-22\ClassWork\apache-tomcat-8.5.77
26-Mar-2022 21:53:15.283 INFO [main] org.apache.catalina.startup.VersionLoggerListener.log Command line argument: --add-opens=java.base/java.lang=ALL-UNNAMED
26-Mar-2022 21:53:15.283 INFO [main] org.apache.catalina.startup.VersionLoggerListener.log Command line argument: --add-opens=java.base/java.io=ALL-UNNAMED
26-Mar-2022 21:53:15.283 INFO [main] org.apache.catalina.startup.VersionLoggerListener.log Command line argument: --add-opens=java.base/java.util=ALL-UNNAMED
26-Mar-2022 21:53:15.283 INFO [main] org.apache.catalina.startup.VersionLoggerListener.log Command line argument: --add-opens=java.base/java.util.concurrent=ALL-UNNAMED
26-Mar-2022 21:53:15.284 INFO [main] org.apache.catalina.startup.VersionLoggerListener.log Command line argument: --add-opens=java.rmi/sun.rmi.transport=ALL-UNNAMED
26-Mar-2022 21:53:15.285 INFO [main] org.apache.catalina.startup.VersionLoggerListener.log Command line argument: -Djava.util.logging.config.file=C:\Mk-JD2-90-22\ClassWork\apache-tomcat-8.5.77\conf\logging.properties
26-Mar-2022 21:53:15.285 INFO [main] org.apache.catalina.startup.VersionLoggerListener.log Command line argument: -Djava.util.logging.manager=org.apache.juli.ClassLoaderLogManager
26-Mar-2022 21:53:15.286 INFO [main] org.apache.catalina.startup.VersionLoggerListener.log Command line argument: -Djdk.tls.ephemeralDHKeySize=2048
26-Mar-2022 21:53:15.286 INFO [main] org.apache.catalina.startup.VersionLoggerListener.log Command line argument: -Djava.protocol.handler.pkgs=org.apache.catalina.webresources
26-Mar-2022 21:53:15.287 INFO [main] org.apache.catalina.startup.VersionLoggerListener.log Command line argument: -Dignore.endorsed.dirs=
26-Mar-2022 21:53:15.287 INFO [main] org.apache.catalina.startup.VersionLoggerListener.log Command line argument: -Dcatalina.base=C:\Mk-JD2-90-22\ClassWork\apache-tomcat-8.5.77
26-Mar-2022 21:53:15.288 INFO [main] org.apache.catalina.startup.VersionLoggerListener.log Command line argument: -Dcatalina.home=C:\Mk-JD2-90-22\ClassWork\apache-tomcat-8.5.77
26-Mar-2022 21:53:15.288 INFO [main] org.apache.catalina.startup.VersionLoggerListener.log Command line argument: -Djava.io.tmpdir=C:\Mk-JD2-90-22\ClassWork\apache-tomcat-8.5.77\temp
26-Mar-2022 21:53:15.289 INFO [main] org.apache.catalina.core.AprLifecycleListener.lifecycleEvent Loaded Apache Tomcat Native library [1.2.31] using APR version [1.7.0].
26-Mar-2022 21:53:15.290 INFO [main] org.apache.catalina.core.AprLifecycleListener.lifecycleEvent APR capabilities: IPv6 [true], sendfile [true], accept filters [false], random [true], UDS [{4}].
26-Mar-2022 21:53:15.290 INFO [main] org.apache.catalina.core.AprLifecycleListener.lifecycleEvent APR/OpenSSL configuration: useAprConnector [false], useOpenSSL [true]
26-Mar-2022 21:53:15.297 INFO [main] org.apache.catalina.core.AprLifecycleListener.initializeSSL OpenSSL successfully initialized [OpenSSL 1.1.1l  24 Aug 2021]
26-Mar-2022 21:53:15.350 INFO [main] org.apache.coyote.AbstractProtocol.init Initializing ProtocolHandler ["http-nio-8080"]
26-Mar-2022 21:53:15.382 INFO [main] org.apache.catalina.startup.Catalina.load Initialization processed in 702 ms
26-Mar-2022 21:53:15.455 INFO [main] org.apache.catalina.core.StandardService.startInternal Starting service [Catalina]
26-Mar-2022 21:53:15.455 INFO [main] org.apache.catalina.core.StandardEngine.startInternal Starting Servlet engine: [Apache Tomcat/8.5.77]
26-Mar-2022 21:53:15.470 INFO [localhost-startStop-1] org.apache.catalina.startup.HostConfig.deployDirectory Установка веб приложения в папку [C:\Mk-JD2-90-22\ClassWork\apache-tomcat-8.5.77\webapps\docs]
26-Mar-2022 21:53:15.939 WARNING [localhost-startStop-1] org.apache.catalina.util.SessionIdGeneratorBase.createSecureRandom Creation of SecureRandom instance for session ID generation using [SHA1PRNG] took [146] milliseconds.
26-Mar-2022 21:53:15.964 INFO [localhost-startStop-1] org.apache.catalina.startup.HostConfig.deployDirectory Deployment of web application directory [C:\Mk-JD2-90-22\ClassWork\apache-tomcat-8.5.77\webapps\docs] has finished in [494] ms
26-Mar-2022 21:53:15.965 INFO [localhost-startStop-1] org.apache.catalina.startup.HostConfig.deployDirectory Установка веб приложения в папку [C:\Mk-JD2-90-22\ClassWork\apache-tomcat-8.5.77\webapps\examples]
26-Mar-2022 21:53:16.402 INFO [localhost-startStop-1] org.apache.catalina.startup.HostConfig.deployDirectory Deployment of web application directory [C:\Mk-JD2-90-22\ClassWork\apache-tomcat-8.5.77\webapps\examples] has finished in [437] ms
26-Mar-2022 21:53:16.403 INFO [localhost-startStop-1] org.apache.catalina.startup.HostConfig.deployDirectory Установка веб приложения в папку [C:\Mk-JD2-90-22\ClassWork\apache-tomcat-8.5.77\webapps\host-manager]
26-Mar-2022 21:53:16.446 INFO [localhost-startStop-1] org.apache.catalina.startup.HostConfig.deployDirectory Deployment of web application directory [C:\Mk-JD2-90-22\ClassWork\apache-tomcat-8.5.77\webapps\host-manager] has finished in [43] ms
26-Mar-2022 21:53:16.447 INFO [localhost-startStop-1] org.apache.catalina.startup.HostConfig.deployDirectory Установка веб приложения в папку [C:\Mk-JD2-90-22\ClassWork\apache-tomcat-8.5.77\webapps\manager]
26-Mar-2022 21:53:16.484 INFO [localhost-startStop-1] org.apache.catalina.startup.HostConfig.deployDirectory Deployment of web application directory [C:\Mk-JD2-90-22\ClassWork\apache-tomcat-8.5.77\webapps\manager] has finished in [37] ms
26-Mar-2022 21:53:16.484 INFO [localhost-startStop-1] org.apache.catalina.startup.HostConfig.deployDirectory Установка веб приложения в папку [C:\Mk-JD2-90-22\ClassWork\apache-tomcat-8.5.77\webapps\ROOT]
26-Mar-2022 21:53:16.513 INFO [localhost-startStop-1] org.apache.catalina.startup.HostConfig.deployDirectory Deployment of web application directory [C:\Mk-JD2-90-22\ClassWork\apache-tomcat-8.5.77\webapps\ROOT] has finished in [29] ms
26-Mar-2022 21:53:16.518 INFO [main] org.apache.coyote.AbstractProtocol.start Starting ProtocolHandler ["http-nio-8080"]
26-Mar-2022 21:53:16.693 INFO [main] org.apache.catalina.startup.Catalina.start Server startup in 1309 ms
26-Mar-2022 21:54:20.471 INFO [main] org.apache.catalina.core.StandardServer.await A valid shutdown command was received via the shutdown port. Stopping the Server instance.
26-Mar-2022 21:54:20.471 INFO [main] org.apache.coyote.AbstractProtocol.pause Pausing ProtocolHandler ["http-nio-8080"]
26-Mar-2022 21:54:20.609 INFO [main] org.apache.catalina.core.StandardService.stopInternal Stopping service [Catalina]
26-Mar-2022 21:54:20.648 INFO [main] org.apache.coyote.AbstractProtocol.stop Stopping ProtocolHandler ["http-nio-8080"]
26-Mar-2022 21:54:20.660 INFO [main] org.apache.coyote.AbstractProtocol.destroy Destroying ProtocolHandler ["http-nio-8080"]
26-Mar-2022 21:59:51.117 SEVERE [main] org.apache.catalina.startup.Catalina.stopServer Could not contact [localhost:8005] (base port [8005] and offset [0]). Tomcat may not be running.
26-Mar-2022 22:06:12.437 SEVERE [main] org.apache.catalina.startup.Catalina.stopServer Could not contact [localhost:8005] (base port [8005] and offset [0]). Tomcat may not be running.
26-Mar-2022 22:15:20.433 INFO [main] org.apache.catalina.startup.VersionLoggerListener.log Server version name:   Apache Tomcat/8.5.77
26-Mar-2022 22:15:20.436 INFO [main] org.apache.catalina.startup.VersionLoggerListener.log Server built:          Mar 13 2022 19:13:33 UTC
26-Mar-2022 22:15:20.436 INFO [main] org.apache.catalina.startup.VersionLoggerListener.log Server version number: 8.5.77.0
26-Mar-2022 22:15:20.437 INFO [main] org.apache.catalina.startup.VersionLoggerListener.log OS Name:               Windows 10
26-Mar-2022 22:15:20.437 INFO [main] org.apache.catalina.startup.VersionLoggerListener.log Версия ОС:             10.0
26-Mar-2022 22:15:20.437 INFO [main] org.apache.catalina.startup.VersionLoggerListener.log Архитектура:           amd64
26-Mar-2022 22:15:20.437 INFO [main] org.apache.catalina.startup.VersionLoggerListener.log Java Home:             C:\Tool\java\JDK11\jdk-11.0.13+8
26-Mar-2022 22:15:20.438 INFO [main] org.apache.catalina.startup.VersionLoggerListener.log Версия JVM:            11.0.13+8
26-Mar-2022 22:15:20.438 INFO [main] org.apache.catalina.startup.VersionLoggerListener.log JVM Vendor:            Eclipse Adoptium
26-Mar-2022 22:15:20.438 INFO [main] org.apache.catalina.startup.VersionLoggerListener.log CATALINA_BASE:         C:\Mk-JD2-90-22\ClassWork\apache-tomcat-8.5.77
26-Mar-2022 22:15:20.438 INFO [main] org.apache.catalina.startup.VersionLoggerListener.log CATALINA_HOME:         C:\Mk-JD2-90-22\ClassWork\apache-tomcat-8.5.77
26-Mar-2022 22:15:20.439 INFO [main] org.apache.catalina.startup.VersionLoggerListener.log Command line argument: --add-opens=java.base/java.lang=ALL-UNNAMED
26-Mar-2022 22:15:20.439 INFO [main] org.apache.catalina.startup.VersionLoggerListener.log Command line argument: --add-opens=java.base/java.io=ALL-UNNAMED
26-Mar-2022 22:15:20.439 INFO [main] org.apache.catalina.startup.VersionLoggerListener.log Command line argument: --add-opens=java.base/java.util=ALL-UNNAMED
26-Mar-2022 22:15:20.440 INFO [main] org.apache.catalina.startup.VersionLoggerListener.log Command line argument: --add-opens=java.base/java.util.concurrent=ALL-UNNAMED
26-Mar-2022 22:15:20.440 INFO [main] org.apache.catalina.startup.VersionLoggerListener.log Command line argument: --add-opens=java.rmi/sun.rmi.transport=ALL-UNNAMED
26-Mar-2022 22:15:20.441 INFO [main] org.apache.catalina.startup.VersionLoggerListener.log Command line argument: -Djava.util.logging.config.file=C:\Mk-JD2-90-22\ClassWork\apache-tomcat-8.5.77\conf\logging.properties
26-Mar-2022 22:15:20.441 INFO [main] org.apache.catalina.startup.VersionLoggerListener.log Command line argument: -Djava.util.logging.manager=org.apache.juli.ClassLoaderLogManager
26-Mar-2022 22:15:20.442 INFO [main] org.apache.catalina.startup.VersionLoggerListener.log Command line argument: -Djdk.tls.ephemeralDHKeySize=2048
26-Mar-2022 22:15:20.442 INFO [main] org.apache.catalina.startup.VersionLoggerListener.log Command line argument: -Djava.protocol.handler.pkgs=org.apache.catalina.webresources
26-Mar-2022 22:15:20.443 INFO [main] org.apache.catalina.startup.VersionLoggerListener.log Command line argument: -Dfile.encoding=utf-8
26-Mar-2022 22:15:20.443 INFO [main] org.apache.catalina.startup.VersionLoggerListener.log Command line argument: -Xms256m
26-Mar-2022 22:15:20.444 INFO [main] org.apache.catalina.startup.VersionLoggerListener.log Command line argument: -Xmx1g
26-Mar-2022 22:15:20.444 INFO [main] org.apache.catalina.startup.VersionLoggerListener.log Command line argument: -XX:MaxMetaspaceSize=256m
26-Mar-2022 22:15:20.445 INFO [main] org.apache.catalina.startup.VersionLoggerListener.log Command line argument: -agentlib:jdwp=transport=dt_socket,server=y,suspend=n,address=*:8000
26-Mar-2022 22:15:20.445 INFO [main] org.apache.catalina.startup.VersionLoggerListener.log Command line argument: -Dcom.sun.management.jmxremote
26-Mar-2022 22:15:20.446 INFO [main] org.apache.catalina.startup.VersionLoggerListener.log Command line argument: -Dcom.sun.management.jmxremote.port=1098
26-Mar-2022 22:15:20.446 INFO [main] org.apache.catalina.startup.VersionLoggerListener.log Command line argument: -Dcom.sun.management.jmxremote.ssl=false
26-Mar-2022 22:15:20.447 INFO [main] org.apache.catalina.startup.VersionLoggerListener.log Command line argument: -Dcom.sun.management.jmxremote.authenticate=false
26-Mar-2022 22:15:20.447 INFO [main] org.apache.catalina.startup.VersionLoggerListener.log Command line argument: -Dignore.endorsed.dirs=
26-Mar-2022 22:15:20.448 INFO [main] org.apache.catalina.startup.VersionLoggerListener.log Command line argument: -Dcatalina.base=C:\Mk-JD2-90-22\ClassWork\apache-tomcat-8.5.77
26-Mar-2022 22:15:20.448 INFO [main] org.apache.catalina.startup.VersionLoggerListener.log Command line argument: -Dcatalina.home=C:\Mk-JD2-90-22\ClassWork\apache-tomcat-8.5.77
26-Mar-2022 22:15:20.448 INFO [main] org.apache.catalina.startup.VersionLoggerListener.log Command line argument: -Djava.io.tmpdir=C:\Mk-JD2-90-22\ClassWork\apache-tomcat-8.5.77\temp
26-Mar-2022 22:15:20.449 INFO [main] org.apache.catalina.core.AprLifecycleListener.lifecycleEvent Loaded Apache Tomcat Native library [1.2.31] using APR version [1.7.0].
26-Mar-2022 22:15:20.449 INFO [main] org.apache.catalina.core.AprLifecycleListener.lifecycleEvent APR capabilities: IPv6 [true], sendfile [true], accept filters [false], random [true], UDS [{4}].
26-Mar-2022 22:15:20.450 INFO [main] org.apache.catalina.core.AprLifecycleListener.lifecycleEvent APR/OpenSSL configuration: useAprConnector [false], useOpenSSL [true]
26-Mar-2022 22:15:20.455 INFO [main] org.apache.catalina.core.AprLifecycleListener.initializeSSL OpenSSL successfully initialized [OpenSSL 1.1.1l  24 Aug 2021]
26-Mar-2022 22:15:20.509 INFO [main] org.apache.coyote.AbstractProtocol.init Initializing ProtocolHandler ["http-nio-8080"]
26-Mar-2022 22:15:20.548 INFO [main] org.apache.catalina.startup.Catalina.load Initialization processed in 604 ms
26-Mar-2022 22:15:20.622 INFO [main] org.apache.catalina.core.StandardService.startInternal Starting service [Catalina]
26-Mar-2022 22:15:20.622 INFO [main] org.apache.catalina.core.StandardEngine.startInternal Starting Servlet engine: [Apache Tomcat/8.5.77]
26-Mar-2022 22:15:20.637 INFO [localhost-startStop-1] org.apache.catalina.startup.HostConfig.deployDirectory Установка веб приложения в папку [C:\Mk-JD2-90-22\ClassWork\apache-tomcat-8.5.77\webapps\docs]
26-Mar-2022 22:15:21.170 WARNING [localhost-startStop-1] org.apache.catalina.util.SessionIdGeneratorBase.createSecureRandom Creation of SecureRandom instance for session ID generation using [SHA1PRNG] took [173] milliseconds.
26-Mar-2022 22:15:21.200 INFO [localhost-startStop-1] org.apache.catalina.startup.HostConfig.deployDirectory Deployment of web application directory [C:\Mk-JD2-90-22\ClassWork\apache-tomcat-8.5.77\webapps\docs] has finished in [563] ms
26-Mar-2022 22:15:21.202 INFO [localhost-startStop-1] org.apache.catalina.startup.HostConfig.deployDirectory Установка веб приложения в папку [C:\Mk-JD2-90-22\ClassWork\apache-tomcat-8.5.77\webapps\examples]
26-Mar-2022 22:15:21.693 INFO [localhost-startStop-1] org.apache.catalina.startup.HostConfig.deployDirectory Deployment of web application directory [C:\Mk-JD2-90-22\ClassWork\apache-tomcat-8.5.77\webapps\examples] has finished in [491] ms
26-Mar-2022 22:15:21.693 INFO [localhost-startStop-1] org.apache.catalina.startup.HostConfig.deployDirectory Установка веб приложения в папку [C:\Mk-JD2-90-22\ClassWork\apache-tomcat-8.5.77\webapps\host-manager]
26-Mar-2022 22:15:21.744 INFO [localhost-startStop-1] org.apache.catalina.startup.HostConfig.deployDirectory Deployment of web application directory [C:\Mk-JD2-90-22\ClassWork\apache-tomcat-8.5.77\webapps\host-manager] has finished in [50] ms
26-Mar-2022 22:15:21.744 INFO [localhost-startStop-1] org.apache.catalina.startup.HostConfig.deployDirectory Установка веб приложения в папку [C:\Mk-JD2-90-22\ClassWork\apache-tomcat-8.5.77\webapps\manager]
26-Mar-2022 22:15:21.787 INFO [localhost-startStop-1] org.apache.catalina.startup.HostConfig.deployDirectory Deployment of web application directory [C:\Mk-JD2-90-22\ClassWork\apache-tomcat-8.5.77\webapps\manager] has finished in [42] ms
26-Mar-2022 22:15:21.787 INFO [localhost-startStop-1] org.apache.catalina.startup.HostConfig.deployDirectory Установка веб приложения в папку [C:\Mk-JD2-90-22\ClassWork\apache-tomcat-8.5.77\webapps\ROOT]
26-Mar-2022 22:15:21.820 INFO [localhost-startStop-1] org.apache.catalina.startup.HostConfig.deployDirectory Deployment of web application directory [C:\Mk-JD2-90-22\ClassWork\apache-tomcat-8.5.77\webapps\ROOT] has finished in [33] ms
26-Mar-2022 22:15:21.827 INFO [main] org.apache.coyote.AbstractProtocol.start Starting ProtocolHandler ["http-nio-8080"]
26-Mar-2022 22:15:21.854 INFO [main] org.apache.catalina.startup.Catalina.start Server startup in 1305 ms
26-Mar-2022 22:17:04.650 INFO [main] org.apache.catalina.core.StandardServer.await A valid shutdown command was received via the shutdown port. Stopping the Server instance.
26-Mar-2022 22:17:04.651 INFO [main] org.apache.coyote.AbstractProtocol.pause Pausing ProtocolHandler ["http-nio-8080"]
26-Mar-2022 22:17:04.783 INFO [main] org.apache.catalina.core.StandardService.stopInternal Stopping service [Catalina]
26-Mar-2022 22:17:04.823 INFO [main] org.apache.coyote.AbstractProtocol.stop Stopping ProtocolHandler ["http-nio-8080"]
26-Mar-2022 22:17:04.836 INFO [main] org.apache.coyote.AbstractProtocol.destroy Destroying ProtocolHandler ["http-nio-8080"]
26-Mar-2022 22:21:25.094 INFO [main] org.apache.catalina.startup.VersionLoggerListener.log Server version name:   Apache Tomcat/8.5.77
26-Mar-2022 22:21:25.097 INFO [main] org.apache.catalina.startup.VersionLoggerListener.log Server built:          Mar 13 2022 19:13:33 UTC
26-Mar-2022 22:21:25.097 INFO [main] org.apache.catalina.startup.VersionLoggerListener.log Server version number: 8.5.77.0
26-Mar-2022 22:21:25.098 INFO [main] org.apache.catalina.startup.VersionLoggerListener.log OS Name:               Windows 10
26-Mar-2022 22:21:25.098 INFO [main] org.apache.catalina.startup.VersionLoggerListener.log Версия ОС:             10.0
26-Mar-2022 22:21:25.098 INFO [main] org.apache.catalina.startup.VersionLoggerListener.log Архитектура:           amd64
26-Mar-2022 22:21:25.099 INFO [main] org.apache.catalina.startup.VersionLoggerListener.log Java Home:             C:\Tool\java\JDK11\jdk-11.0.13+8
26-Mar-2022 22:21:25.099 INFO [main] org.apache.catalina.startup.VersionLoggerListener.log Версия JVM:            11.0.13+8
26-Mar-2022 22:21:25.099 INFO [main] org.apache.catalina.startup.VersionLoggerListener.log JVM Vendor:            Eclipse Adoptium
26-Mar-2022 22:21:25.100 INFO [main] org.apache.catalina.startup.VersionLoggerListener.log CATALINA_BASE:         C:\Mk-JD2-90-22\ClassWork\apache-tomcat-8.5.77
26-Mar-2022 22:21:25.100 INFO [main] org.apache.catalina.startup.VersionLoggerListener.log CATALINA_HOME:         C:\Mk-JD2-90-22\ClassWork\apache-tomcat-8.5.77
26-Mar-2022 22:21:25.101 INFO [main] org.apache.catalina.startup.VersionLoggerListener.log Command line argument: --add-opens=java.base/java.lang=ALL-UNNAMED
26-Mar-2022 22:21:25.101 INFO [main] org.apache.catalina.startup.VersionLoggerListener.log Command line argument: --add-opens=java.base/java.io=ALL-UNNAMED
26-Mar-2022 22:21:25.102 INFO [main] org.apache.catalina.startup.VersionLoggerListener.log Command line argument: --add-opens=java.base/java.util=ALL-UNNAMED
26-Mar-2022 22:21:25.102 INFO [main] org.apache.catalina.startup.VersionLoggerListener.log Command line argument: --add-opens=java.base/java.util.concurrent=ALL-UNNAMED
26-Mar-2022 22:21:25.103 INFO [main] org.apache.catalina.startup.VersionLoggerListener.log Command line argument: --add-opens=java.rmi/sun.rmi.transport=ALL-UNNAMED
26-Mar-2022 22:21:25.103 INFO [main] org.apache.catalina.startup.VersionLoggerListener.log Command line argument: -Djava.util.logging.config.file=C:\Mk-JD2-90-22\ClassWork\apache-tomcat-8.5.77\conf\logging.properties
26-Mar-2022 22:21:25.104 INFO [main] org.apache.catalina.startup.VersionLoggerListener.log Command line argument: -Djava.util.logging.manager=org.apache.juli.ClassLoaderLogManager
26-Mar-2022 22:21:25.104 INFO [main] org.apache.catalina.startup.VersionLoggerListener.log Command line argument: -Djdk.tls.ephemeralDHKeySize=2048
26-Mar-2022 22:21:25.105 INFO [main] org.apache.catalina.startup.VersionLoggerListener.log Command line argument: -Djava.protocol.handler.pkgs=org.apache.catalina.webresources
26-Mar-2022 22:21:25.106 INFO [main] org.apache.catalina.startup.VersionLoggerListener.log Command line argument: -Dfile.encoding=utf-8
26-Mar-2022 22:21:25.109 INFO [main] org.apache.catalina.startup.VersionLoggerListener.log Command line argument: -Xms256m
26-Mar-2022 22:21:25.111 INFO [main] org.apache.catalina.startup.VersionLoggerListener.log Command line argument: -Xmx1g
26-Mar-2022 22:21:25.111 INFO [main] org.apache.catalina.startup.VersionLoggerListener.log Command line argument: -XX:MaxMetaspaceSize=256m
26-Mar-2022 22:21:25.112 INFO [main] org.apache.catalina.startup.VersionLoggerListener.log Command line argument: -agentlib:jdwp=transport=dt_socket,server=y,suspend=n,address=*:8000
26-Mar-2022 22:21:25.112 INFO [main] org.apache.catalina.startup.VersionLoggerListener.log Command line argument: -Dcom.sun.management.jmxremote
26-Mar-2022 22:21:25.113 INFO [main] org.apache.catalina.startup.VersionLoggerListener.log Command line argument: -Dcom.sun.management.jmxremote.port=1098
26-Mar-2022 22:21:25.113 INFO [main] org.apache.catalina.startup.VersionLoggerListener.log Command line argument: -Dcom.sun.management.jmxremote.ssl=false
26-Mar-2022 22:21:25.114 INFO [main] org.apache.catalina.startup.VersionLoggerListener.log Command line argument: -Dcom.sun.management.jmxremote.authenticate=false
26-Mar-2022 22:21:25.114 INFO [main] org.apache.catalina.startup.VersionLoggerListener.log Command line argument: -Dignore.endorsed.dirs=
26-Mar-2022 22:21:25.115 INFO [main] org.apache.catalina.startup.VersionLoggerListener.log Command line argument: -Dcatalina.base=C:\Mk-JD2-90-22\ClassWork\apache-tomcat-8.5.77
26-Mar-2022 22:21:25.115 INFO [main] org.apache.catalina.startup.VersionLoggerListener.log Command line argument: -Dcatalina.home=C:\Mk-JD2-90-22\ClassWork\apache-tomcat-8.5.77
26-Mar-2022 22:21:25.116 INFO [main] org.apache.catalina.startup.VersionLoggerListener.log Command line argument: -Djava.io.tmpdir=C:\Mk-JD2-90-22\ClassWork\apache-tomcat-8.5.77\temp
26-Mar-2022 22:21:25.116 INFO [main] org.apache.catalina.core.AprLifecycleListener.lifecycleEvent Loaded Apache Tomcat Native library [1.2.31] using APR version [1.7.0].
26-Mar-2022 22:21:25.117 INFO [main] org.apache.catalina.core.AprLifecycleListener.lifecycleEvent APR capabilities: IPv6 [true], sendfile [true], accept filters [false], random [true], UDS [{4}].
26-Mar-2022 22:21:25.118 INFO [main] org.apache.catalina.core.AprLifecycleListener.lifecycleEvent APR/OpenSSL configuration: useAprConnector [false], useOpenSSL [true]
26-Mar-2022 22:21:25.123 INFO [main] org.apache.catalina.core.AprLifecycleListener.initializeSSL OpenSSL successfully initialized [OpenSSL 1.1.1l  24 Aug 2021]
26-Mar-2022 22:21:25.180 INFO [main] org.apache.coyote.AbstractProtocol.init Initializing ProtocolHandler ["http-nio-8080"]
26-Mar-2022 22:21:25.211 INFO [main] org.apache.catalina.startup.Catalina.load Initialization processed in 599 ms
26-Mar-2022 22:21:25.294 INFO [main] org.apache.catalina.core.StandardService.startInternal Starting service [Catalina]
26-Mar-2022 22:21:25.295 INFO [main] org.apache.catalina.core.StandardEngine.startInternal Starting Servlet engine: [Apache Tomcat/8.5.77]
26-Mar-2022 22:21:25.309 INFO [localhost-startStop-1] org.apache.catalina.startup.HostConfig.deployDirectory Установка веб приложения в папку [C:\Mk-JD2-90-22\ClassWork\apache-tomcat-8.5.77\webapps\docs]
26-Mar-2022 22:21:25.835 WARNING [localhost-startStop-1] org.apache.catalina.util.SessionIdGeneratorBase.createSecureRandom Creation of SecureRandom instance for session ID generation using [SHA1PRNG] took [167] milliseconds.
26-Mar-2022 22:21:25.864 INFO [localhost-startStop-1] org.apache.catalina.startup.HostConfig.deployDirectory Deployment of web application directory [C:\Mk-JD2-90-22\ClassWork\apache-tomcat-8.5.77\webapps\docs] has finished in [554] ms
26-Mar-2022 22:21:25.864 INFO [localhost-startStop-1] org.apache.catalina.startup.HostConfig.deployDirectory Установка веб приложения в папку [C:\Mk-JD2-90-22\ClassWork\apache-tomcat-8.5.77\webapps\examples]
26-Mar-2022 22:21:26.319 INFO [localhost-startStop-1] org.apache.catalina.startup.HostConfig.deployDirectory Deployment of web application directory [C:\Mk-JD2-90-22\ClassWork\apache-tomcat-8.5.77\webapps\examples] has finished in [455] ms
26-Mar-2022 22:21:26.320 INFO [localhost-startStop-1] org.apache.catalina.startup.HostConfig.deployDirectory Установка веб приложения в папку [C:\Mk-JD2-90-22\ClassWork\apache-tomcat-8.5.77\webapps\host-manager]
26-Mar-2022 22:21:26.370 INFO [localhost-startStop-1] org.apache.catalina.startup.HostConfig.deployDirectory Deployment of web application directory [C:\Mk-JD2-90-22\ClassWork\apache-tomcat-8.5.77\webapps\host-manager] has finished in [50] ms
26-Mar-2022 22:21:26.371 INFO [localhost-startStop-1] org.apache.catalina.startup.HostConfig.deployDirectory Установка веб приложения в папку [C:\Mk-JD2-90-22\ClassWork\apache-tomcat-8.5.77\webapps\manager]
26-Mar-2022 22:21:26.413 INFO [localhost-startStop-1] org.apache.catalina.startup.HostConfig.deployDirectory Deployment of web application directory [C:\Mk-JD2-90-22\ClassWork\apache-tomcat-8.5.77\webapps\manager] has finished in [42] ms
26-Mar-2022 22:21:26.414 INFO [localhost-startStop-1] org.apache.catalina.startup.HostConfig.deployDirectory Установка веб приложения в папку [C:\Mk-JD2-90-22\ClassWork\apache-tomcat-8.5.77\webapps\ROOT]
26-Mar-2022 22:21:26.443 INFO [localhost-startStop-1] org.apache.catalina.startup.HostConfig.deployDirectory Deployment of web application directory [C:\Mk-JD2-90-22\ClassWork\apache-tomcat-8.5.77\webapps\ROOT] has finished in [30] ms
26-Mar-2022 22:21:26.449 INFO [main] org.apache.coyote.AbstractProtocol.start Starting ProtocolHandler ["http-nio-8080"]
26-Mar-2022 22:21:26.475 INFO [main] org.apache.catalina.startup.Catalina.start Server startup in 1263 ms
26-Mar-2022 22:36:00.853 INFO [http-nio-8080-exec-8] org.apache.catalina.startup.HostConfig.deployWAR Deploying web application archive [C:\Mk-JD2-90-22\ClassWork\apache-tomcat-8.5.77\webapps\ClassWork-1.0.0-SNAPSHOT.war]
26-Mar-2022 22:36:00.970 INFO [http-nio-8080-exec-8] org.apache.catalina.startup.HostConfig.deployWAR Deployment of web application archive [C:\Mk-JD2-90-22\ClassWork\apache-tomcat-8.5.77\webapps\ClassWork-1.0.0-SNAPSHOT.war] has finished in [117] ms
26-Mar-2022 22:43:40.254 INFO [http-nio-8080-exec-17] org.apache.catalina.util.LifecycleBase.stop The stop() method was called on component [StandardEngine[Catalina].StandardHost[localhost].StandardContext[/ClassWork-1.0.0-SNAPSHOT]] after stop() had already been called. The second call will be ignored.
26-Mar-2022 22:43:40.778 INFO [http-nio-8080-exec-17] org.apache.catalina.startup.HostConfig.undeploy Undeploying context [/ClassWork-1.0.0-SNAPSHOT]
26-Mar-2022 22:44:07.556 INFO [http-nio-8080-exec-14] org.apache.catalina.startup.HostConfig.deployWAR Deploying web application archive [C:\Mk-JD2-90-22\ClassWork\apache-tomcat-8.5.77\webapps\ClassWork-1.0.0-SNAPSHOT.war]
26-Mar-2022 22:44:07.654 INFO [http-nio-8080-exec-14] org.apache.catalina.startup.HostConfig.deployWAR Deployment of web application archive [C:\Mk-JD2-90-22\ClassWork\apache-tomcat-8.5.77\webapps\ClassWork-1.0.0-SNAPSHOT.war] has finished in [98] ms
26-Mar-2022 22:46:35.963 INFO [http-nio-8080-exec-21] org.apache.catalina.startup.HostConfig.undeploy Undeploying context [/ClassWork-1.0.0-SNAPSHOT]
26-Mar-2022 22:46:56.082 INFO [http-nio-8080-exec-28] org.apache.catalina.startup.HostConfig.deployWAR Deploying web application archive [C:\Mk-JD2-90-22\ClassWork\apache-tomcat-8.5.77\webapps\ClassWork-1.0.0-SNAPSHOT.war]
26-Mar-2022 22:46:56.177 INFO [http-nio-8080-exec-28] org.apache.catalina.startup.HostConfig.deployWAR Deployment of web application archive [C:\Mk-JD2-90-22\ClassWork\apache-tomcat-8.5.77\webapps\ClassWork-1.0.0-SNAPSHOT.war] has finished in [94] ms
26-Mar-2022 23:06:27.144 INFO [http-nio-8080-exec-31] org.apache.catalina.startup.HostConfig.undeploy Undeploying context [/ClassWork-1.0.0-SNAPSHOT]
26-Mar-2022 23:06:36.907 INFO [http-nio-8080-exec-39] org.apache.catalina.startup.HostConfig.deployWAR Deploying web application archive [C:\Mk-JD2-90-22\ClassWork\apache-tomcat-8.5.77\webapps\ClassWork-1.0.0-SNAPSHOT.war]
26-Mar-2022 23:06:36.991 INFO [http-nio-8080-exec-39] org.apache.catalina.startup.HostConfig.deployWAR Deployment of web application archive [C:\Mk-JD2-90-22\ClassWork\apache-tomcat-8.5.77\webapps\ClassWork-1.0.0-SNAPSHOT.war] has finished in [84] ms
26-Mar-2022 23:11:06.897 INFO [http-nio-8080-exec-43] org.apache.catalina.startup.HostConfig.undeploy Undeploying context [/ClassWork-1.0.0-SNAPSHOT]
26-Mar-2022 23:11:13.551 INFO [http-nio-8080-exec-46] org.apache.catalina.startup.HostConfig.deployWAR Deploying web application archive [C:\Mk-JD2-90-22\ClassWork\apache-tomcat-8.5.77\webapps\ClassWork-1.0.0-SNAPSHOT.war]
26-Mar-2022 23:11:13.634 INFO [http-nio-8080-exec-46] org.apache.catalina.startup.HostConfig.deployWAR Deployment of web application archive [C:\Mk-JD2-90-22\ClassWork\apache-tomcat-8.5.77\webapps\ClassWork-1.0.0-SNAPSHOT.war] has finished in [83] ms
26-Mar-2022 23:12:14.910 INFO [http-nio-8080-exec-51] org.apache.catalina.startup.HostConfig.undeploy Undeploying context [/ClassWork-1.0.0-SNAPSHOT]
26-Mar-2022 23:12:25.874 INFO [http-nio-8080-exec-45] org.apache.catalina.startup.HostConfig.deployWAR Deploying web application archive [C:\Mk-JD2-90-22\ClassWork\apache-tomcat-8.5.77\webapps\ClassWork-1.0.0-SNAPSHOT.war]
26-Mar-2022 23:12:25.965 INFO [http-nio-8080-exec-45] org.apache.catalina.startup.HostConfig.deployWAR Deployment of web application archive [C:\Mk-JD2-90-22\ClassWork\apache-tomcat-8.5.77\webapps\ClassWork-1.0.0-SNAPSHOT.war] has finished in [91] ms
26-Mar-2022 23:13:52.900 INFO [http-nio-8080-exec-58] org.apache.catalina.startup.HostConfig.undeploy Undeploying context [/ClassWork-1.0.0-SNAPSHOT]
26-Mar-2022 23:13:59.825 INFO [http-nio-8080-exec-60] org.apache.catalina.startup.HostConfig.deployWAR Deploying web application archive [C:\Mk-JD2-90-22\ClassWork\apache-tomcat-8.5.77\webapps\ClassWork-1.0.0-SNAPSHOT.war]
26-Mar-2022 23:13:59.915 INFO [http-nio-8080-exec-60] org.apache.catalina.startup.HostConfig.deployWAR Deployment of web application archive [C:\Mk-JD2-90-22\ClassWork\apache-tomcat-8.5.77\webapps\ClassWork-1.0.0-SNAPSHOT.war] has finished in [90] ms
